<?xml version="1.0" encoding="UTF-8"?><testsuite errors="2" failures="0" name="net.testrozetka.features.search.SearchByKeywordStory" skipped="1" tests="3" time="4.61" timestamp="2019-05-28T00:55:50.220+03:00[Europe/Kiev]"><testcase classname="net.testrozetka.features.search.SearchByKeywordStory" name="Searching by keyword banana should display the corresponding article"><error message="Could not instantiate class org.openqa.selenium.firefox.FirefoxDriver" type="net.thucydides.core.webdriver.UnsupportedDriverException">Could not instantiate class org.openqa.selenium.firefox.FirefoxDriver</error><system-err>Could not instantiate class org.openqa.selenium.firefox.FirefoxDriver
net.testrozetka.steps.serenity.EndUserSteps.is_the_home_page(EndUserSteps.java:32)
net.testrozetka.features.search.SearchByKeywordStory.searching_by_keyword_banana_should_display_the_corresponding_article(SearchByKeywordStory.java:35)
</system-err></testcase><testcase classname="net.testrozetka.features.search.SearchByKeywordStory" name="Searching by ambiguious keyword should display the disambiguation page"><skipped/></testcase><testcase classname="net.testrozetka.features.search.SearchByKeywordStory" name="Searching by keyword apple should display the corresponding article"><error message="Could not instantiate class org.openqa.selenium.firefox.FirefoxDriver" type="net.thucydides.core.webdriver.UnsupportedDriverException">Could not instantiate class org.openqa.selenium.firefox.FirefoxDriver</error><system-err>Could not instantiate class org.openqa.selenium.firefox.FirefoxDriver
net.testrozetka.steps.serenity.EndUserSteps.is_the_home_page(EndUserSteps.java:32)
net.testrozetka.features.search.SearchByKeywordStory.searching_by_keyword_apple_should_display_the_corresponding_article(SearchByKeywordStory.java:27)
</system-err></testcase></testsuite>